<?xml version="1.0" encoding="UTF-8"?>
<test>
    <builder><![CDATA[
return $b->dropTable($b->temp('Test'));
    ]]></builder>
    <result driver="mysql"><![CDATA[
DROP TEMPORARY TABLE `Test`;
    ]]></result>
    <result driver="sqlite"><![CDATA[
DROP TABLE "Test";
    ]]></result>
    <result driver="pgsql"><![CDATA[
DROP TABLE "Test";
    ]]></result>
    <result driver="sqlsrv" version="2003"><![CDATA[
DROP TABLE [#Test];
    ]]></result>
    <result driver="sqlsrv" version="2005"><![CDATA[
DROP TABLE [#Test];
    ]]></result>
    <result driver="sqlsrv" version="2012"><![CDATA[
DROP TABLE [#Test];
    ]]></result>
</test>
