<?xml version="1.0" encoding="UTF-8"?>
<test>
    <builder><![CDATA[
    ]]></builder>
    <result driver="mysql"><![CDATA[
    ]]></result>
    <result driver="sqlite"><![CDATA[
    ]]></result>
    <result driver="pgsql"><![CDATA[
    ]]></result>
    <result driver="sqlsrv" version="2003"><![CDATA[
    ]]></result>
    <result driver="sqlsrv" version="2005"><![CDATA[
    ]]></result>
    <result driver="sqlsrv" version="2012"><![CDATA[
    ]]></result>
</test>
